<?xml version="1.0" encoding="UTF-8"?>
<!-- Generated by org.testng.reporters.JUnitReportReporter -->
<testsuite skipped="0" hostname="SHREEG-PC" name="Utilities.DateTimeStamp" tests="1" failures="0" timestamp="2020-08-11T07:44:00 IST" time="0.026" errors="0">
  <testcase name="DateTime" time="0.026" classname="Utilities.DateTimeStamp"/>
  <system-out/>
</testsuite> <!-- Utilities.DateTimeStamp -->
