<?xml version="1.0" encoding="UTF-8"?>
<!-- Generated by org.testng.reporters.JUnitReportReporter -->
<testsuite skipped="0" hostname="SHREEG-PC" name="TestRunner.TestRunner" tests="2" failures="0" timestamp="2020-08-17T15:54:20 IST" time="292.438" errors="0">
  <testcase name="runScenario" time="151.013" classname="TestRunner.TestRunner"/>
  <system-out/>
  <testcase name="runScenario" time="141.425" classname="TestRunner.TestRunner"/>
  <system-out/>
</testsuite> <!-- TestRunner.TestRunner -->
